<?xml version="1.0" encoding="UTF-8"?>
<!-- Generated by org.testng.reporters.JUnitReportReporter -->
<testsuite hostname="LAPTOP-IPCUS8A7" failures="0" tests="2" name="Base.LoginTest" time="39.337" errors="0" timestamp="2025-10-27T15:44:49 IST" skipped="0">
  <testcase classname="Base.LoginTest" name="validLoginTest" time="28.574"/>
  <testcase classname="Base.LoginTest" name="invalidLoginTest" time="10.763"/>
</testsuite> <!-- Base.LoginTest -->
